1
0
1
ASSEMBLY
2
BLOCK-1
BLOCK
INDENTER-1
INDENTER
2
BLOCK-1
14
-2147483646
0
48 1 16 5 0 1 0 -1 -1 861 1 -1879048189 1 861 
14
48 1 16 5 0 1 0 -1 -1 861 1 -1879048189 1 861 
INDENTER-1
1
862 1
-2147483647
0
2
BLOCK-1
14
-2147483646
0
48 1 16 5 0 1 0 -1 -1 800 1 -1879048189 1 800 
14
48 1 16 5 0 1 0 -1 -1 800 1 -1879048189 1 800 
INDENTER-1
0
0
2
_PICKEDSET8
0
2
0
1
BLOCK-1
40
1 2 3 4 5 6 7 8 9 10 11 12 13 14 15 16 17 18 19 20 21 22 23 24 25 26 27 28 29 30 31 32 33 34 35 36 37 38 39 40 
0
_S_BLOCK_TOP_S3
0
2
0
1
BLOCK-1
40
761 762 763 764 765 766 767 768 769 770 771 772 773 774 775 776 777 778 779 780 781 782 783 784 785 786 787 788 789 790 791 792 793 794 795 796 797 798 799 800 
0
1
BLOCK-1
1
_PICKEDSET2
0
2
14
-2147483647
48 1 16 5 0 1 0 -1 -1 800 1 -1879048189 1 800 
0
0
0
2

0
2
0
1
BLOCK-1
14
-2147483647
48 1 16 5 0 1 0 -1 -1 861 1 -1879048189 1 861 
0
_PICKEDSET8
0
2
0
1
BLOCK-1
41
1 2 3 4 5 6 7 8 9 10 11 12 13 14 15 16 17 18 19 20 21 22 23 24 25 26 27 28 29 30 31 32 33 34 35 36 37 38 39 40 41 
0
2
BLOCK-1
2
 P       1
0
2
14
-2147483647
48 1 16 5 0 1 0 -1 -1 861 1 -1879048189 1 861 
0
0
_PICKEDSET2
0
2
14
-2147483647
48 1 16 5 0 1 0 -1 -1 861 1 -1879048189 1 861 
0
0
0
INDENTER-1
0
0
0
1
S_BLOCK_TOP
0
0
0
1
BLOCK-1
0
0
1
S3
40
761 762 763 764 765 766 767 768 769 770 771 772 773 774 775 776 777 778 779 780 781 782 783 784 785 786 787 788 789 790 791 792 793 794 795 796 797 798 799 800 
